#
# There is insufficient memory for the Java Runtime Environment to continue.
# Native memory allocation (malloc) failed to allocate 32744 bytes for ChunkPool::allocate
# Possible reasons:
#   The system is out of physical RAM or swap space
#   The process is running with CompressedOops enabled, and the Java Heap may be blocking the growth of the native heap
# Possible solutions:
#   Reduce memory load on the system
#   Increase physical memory or swap space
#   Check if swap backing store is full
#   Decrease Java heap size (-Xmx/-Xms)
#   Decrease number of Java threads
#   Decrease Java thread stack sizes (-Xss)
#   Set larger code cache with -XX:ReservedCodeCacheSize=
#   JVM is running with Zero Based Compressed Oops mode in which the Java heap is
#     placed in the first 32GB address space. The Java Heap base address is the
#     maximum limit for the native heap growth. Please use -XX:HeapBaseMinAddress
#     to set the Java Heap base and to place the Java Heap above 32GB virtual address.
# This output file may be truncated or incomplete.
#
#  Out of Memory Error (allocation.cpp:272), pid=71640, tid=0x000000000000f248
#
# JRE version: Java(TM) SE Runtime Environment (8.0_291-b10) (build 1.8.0_291-b10)
# Java VM: Java HotSpot(TM) 64-Bit Server VM (25.291-b10 mixed mode windows-amd64 compressed oops)
# Failed to write core dump. Minidumps are not enabled by default on client versions of Windows
#

---------------  T H R E A D  ---------------

Current thread (0x000002689bb72000):  JavaThread "C2 CompilerThread6" daemon [_thread_in_native, id=62024, stack(0x0000006a3a100000,0x0000006a3a200000)]

Stack: [0x0000006a3a100000,0x0000006a3a200000]
Native frames: (J=compiled Java code, j=interpreted, Vv=VM code, C=native code)
V  [jvm.dll+0x32ea19]
V  [jvm.dll+0x275462]
V  [jvm.dll+0x27610d]
V  [jvm.dll+0x26cb45]
V  [jvm.dll+0xd56ed]
V  [jvm.dll+0xd5a4c]
V  [jvm.dll+0x421689]
V  [jvm.dll+0x4ce79b]
V  [jvm.dll+0x4cccfe]
V  [jvm.dll+0x42cb30]
V  [jvm.dll+0x45198e]
V  [jvm.dll+0x4d708c]
V  [jvm.dll+0x4cf63c]
V  [jvm.dll+0x4cecdb]
V  [jvm.dll+0x4ccfbf]
V  [jvm.dll+0x42cb30]
V  [jvm.dll+0x42d6bb]
V  [jvm.dll+0x45198e]
V  [jvm.dll+0x4d708c]
V  [jvm.dll+0x4cf63c]
V  [jvm.dll+0x4cecdb]
V  [jvm.dll+0x4ccfbf]
V  [jvm.dll+0x42cb30]
V  [jvm.dll+0x45198e]
V  [jvm.dll+0x4d708c]
V  [jvm.dll+0x4cf63c]
V  [jvm.dll+0x4cecdb]
V  [jvm.dll+0x4ccfbf]
V  [jvm.dll+0x42cb30]
V  [jvm.dll+0x43f865]
V  [jvm.dll+0x42aa57]
V  [jvm.dll+0xabeeb]
V  [jvm.dll+0xaa54b]
V  [jvm.dll+0x23db02]
V  [jvm.dll+0x29210c]
C  [ucrtbase.dll+0x29333]
C  [KERNEL32.DLL+0x1257d]
C  [ntdll.dll+0x5af28]


Current CompileTask:
C2:    351   82       4       java.util.concurrent.ForkJoinTask::doJoin (75 bytes)


---------------  P R O C E S S  ---------------

Java Threads: ( => current thread )
  0x000002689bd0c800 JavaThread "ForkJoinPool-1-worker-0" daemon [_thread_blocked, id=78264, stack(0x0000006a3b800000,0x0000006a3b900000)]
  0x000002689bb8d000 JavaThread "ForkJoinPool-1-worker-5" daemon [_thread_in_vm, id=73940, stack(0x0000006a3b700000,0x0000006a3b800000)]
  0x000002689bb8c000 JavaThread "ForkJoinPool-1-worker-14" daemon [_thread_blocked, id=59232, stack(0x0000006a3b600000,0x0000006a3b700000)]
  0x000002689bb8e800 JavaThread "ForkJoinPool-1-worker-7" daemon [_thread_blocked, id=79520, stack(0x0000006a3b500000,0x0000006a3b600000)]
  0x000002689bb90800 JavaThread "ForkJoinPool-1-worker-3" daemon [_thread_blocked, id=82356, stack(0x0000006a3b400000,0x0000006a3b500000)]
  0x000002689bb90000 JavaThread "ForkJoinPool-1-worker-12" daemon [_thread_in_vm, id=71976, stack(0x0000006a3b300000,0x0000006a3b400000)]
  0x000002689bcf8000 JavaThread "ForkJoinPool-1-worker-10" daemon [_thread_in_vm, id=86448, stack(0x0000006a3b200000,0x0000006a3b300000)]
  0x000002689bcf3800 JavaThread "ForkJoinPool-1-worker-1" daemon [_thread_blocked, id=70428, stack(0x0000006a3b100000,0x0000006a3b200000)]
  0x000002689bce9800 JavaThread "ForkJoinPool-1-worker-8" daemon [_thread_blocked, id=81340, stack(0x0000006a3b000000,0x0000006a3b100000)]
  0x000002689bce7000 JavaThread "ForkJoinPool-1-worker-15" daemon [_thread_blocked, id=80124, stack(0x0000006a3af00000,0x0000006a3b000000)]
  0x000002689bce6000 JavaThread "ForkJoinPool-1-worker-6" daemon [_thread_blocked, id=66992, stack(0x0000006a3ae00000,0x0000006a3af00000)]
  0x000002689bce5800 JavaThread "ForkJoinPool-1-worker-13" daemon [_thread_blocked, id=91872, stack(0x0000006a3ad00000,0x0000006a3ae00000)]
  0x000002689bce2800 JavaThread "ForkJoinPool-1-worker-4" daemon [_thread_blocked, id=63040, stack(0x0000006a3ac00000,0x0000006a3ad00000)]
  0x000002689bce2000 JavaThread "ForkJoinPool-1-worker-11" daemon [_thread_blocked, id=79144, stack(0x0000006a3ab00000,0x0000006a3ac00000)]
  0x000002689bce1000 JavaThread "ForkJoinPool-1-worker-2" daemon [_thread_blocked, id=64448, stack(0x0000006a3aa00000,0x0000006a3ab00000)]
  0x000002689bcd6800 JavaThread "ForkJoinPool-1-worker-9" daemon [_thread_blocked, id=79304, stack(0x0000006a3a900000,0x0000006a3aa00000)]
  0x000002689bc7c000 JavaThread "Service Thread" daemon [_thread_blocked, id=65724, stack(0x0000006a3a700000,0x0000006a3a800000)]
  0x000002689bb8b800 JavaThread "C1 CompilerThread11" daemon [_thread_in_vm, id=88548, stack(0x0000006a3a600000,0x0000006a3a700000)]
  0x000002689bb92000 JavaThread "C1 CompilerThread10" daemon [_thread_in_native, id=96760, stack(0x0000006a3a500000,0x0000006a3a600000)]
  0x000002689bb8d800 JavaThread "C1 CompilerThread9" daemon [_thread_blocked, id=63412, stack(0x0000006a3a400000,0x0000006a3a500000)]
  0x000002689bb8f000 JavaThread "C1 CompilerThread8" daemon [_thread_blocked, id=79904, stack(0x0000006a3a300000,0x0000006a3a400000)]
  0x000002689bb91800 JavaThread "C2 CompilerThread7" daemon [_thread_blocked, id=62724, stack(0x0000006a3a200000,0x0000006a3a300000)]
=>0x000002689bb72000 JavaThread "C2 CompilerThread6" daemon [_thread_in_native, id=62024, stack(0x0000006a3a100000,0x0000006a3a200000)]
  0x000002689bb55000 JavaThread "C2 CompilerThread5" daemon [_thread_in_native, id=75572, stack(0x0000006a3a000000,0x0000006a3a100000)]
  0x000002689bb4c000 JavaThread "C2 CompilerThread4" daemon [_thread_in_native, id=65888, stack(0x0000006a39f00000,0x0000006a3a000000)]
  0x000002689bb32800 JavaThread "C2 CompilerThread3" daemon [_thread_in_native, id=75680, stack(0x0000006a39e00000,0x0000006a39f00000)]
  0x000002689bb2d800 JavaThread "C2 CompilerThread2" daemon [_thread_blocked, id=66492, stack(0x0000006a39d00000,0x0000006a39e00000)]
  0x000002689bb2d000 JavaThread "C2 CompilerThread1" daemon [_thread_in_native, id=89636, stack(0x0000006a39c00000,0x0000006a39d00000)]
  0x000002689bb2b000 JavaThread "C2 CompilerThread0" daemon [_thread_in_native, id=43392, stack(0x0000006a39b00000,0x0000006a39c00000)]
  0x000002689bb29800 JavaThread "Monitor Ctrl-Break" daemon [_thread_in_native, id=62496, stack(0x0000006a39a00000,0x0000006a39b00000)]
  0x000002689ba58000 JavaThread "Attach Listener" daemon [_thread_blocked, id=78580, stack(0x0000006a39900000,0x0000006a39a00000)]
  0x000002689ba55000 JavaThread "Signal Dispatcher" daemon [_thread_blocked, id=78276, stack(0x0000006a39800000,0x0000006a39900000)]
  0x00000268fdeac800 JavaThread "Finalizer" daemon [_thread_blocked, id=72356, stack(0x0000006a39700000,0x0000006a39800000)]
  0x000002689ba30800 JavaThread "Reference Handler" daemon [_thread_blocked, id=92668, stack(0x0000006a39600000,0x0000006a39700000)]
  0x00000268f964d000 JavaThread "main" [_thread_blocked, id=60896, stack(0x0000006a38700000,0x0000006a38800000)]

Other Threads:
  0x00000268fde94800 VMThread [stack: 0x0000006a39500000,0x0000006a39600000] [id=83216]
  0x000002689bcc4000 WatcherThread [stack: 0x0000006a3a800000,0x0000006a3a900000] [id=89444]

VM state:not at safepoint (normal execution)

VM Mutex/Monitor currently owned by a thread: None

heap address: 0x0000000643800000, size: 6088 MB, Compressed Oops mode: Zero based, Oop shift amount: 3
Narrow klass base: 0x0000000000000000, Narrow klass shift: 3
Compressed class space size: 1073741824 Address: 0x00000007c0000000

Heap:
 PSYoungGen      total 114176K, used 24105K [0x0000000741300000, 0x000000074f200000, 0x00000007c0000000)
  eden space 98304K, 24% used [0x0000000741300000,0x0000000742a8a520,0x0000000747300000)
  from space 15872K, 0% used [0x0000000748280000,0x0000000748280000,0x0000000749200000)
  to   space 15872K, 0% used [0x0000000747300000,0x0000000747300000,0x0000000748280000)
 ParOldGen       total 499200K, used 391260K [0x0000000643800000, 0x0000000661f80000, 0x0000000741300000)
  object space 499200K, 78% used [0x0000000643800000,0x000000065b6171b8,0x0000000661f80000)
 Metaspace       used 3518K, capacity 4566K, committed 4864K, reserved 1056768K
  class space    used 377K, capacity 390K, committed 512K, reserved 1048576K

Card table byte_map: [0x00000268fb370000,0x00000268fbf60000] byte_map_base: 0x00000268f8154000

Marking Bits: (ParMarkBitMap*) 0x000000006b927fe0
 Begin Bits: [0x000002688f000000, 0x0000026894f20000)
 End Bits:   [0x0000026894f20000, 0x000002689ae40000)

Polling page: 0x00000268faf80000

CodeCache: size=245760Kb used=2943Kb max_used=2952Kb free=242816Kb
 bounds [0x0000026880000000, 0x00000268802f0000, 0x000002688f000000]
 total_blobs=349 nmethods=83 adapters=176
 compilation: enabled

Compilation events (10 events):
Event: 0.324 Thread 0x000002689bb8d800 nmethod 79 0x00000268802dd950 code [0x00000268802ddaa0, 0x00000268802ddbf8]
Event: 0.325 Thread 0x000002689bb2d000   80       4       java.lang.Long::valueOf (36 bytes)
Event: 0.325 Thread 0x000002689bb4c000   81       4       org.example.forkjoin.forkjointask.recursivetask.LongSumForkJoin$LongSumForkJoinTask::compute (108 bytes)
Event: 0.326 Thread 0x000002689bb2d000 nmethod 80 0x00000268802dd610 code [0x00000268802dd760, 0x00000268802dd878]
Event: 0.328 Thread 0x000002689bb72000   82       4       java.util.concurrent.ForkJoinTask::doJoin (75 bytes)
Event: 0.328 Thread 0x000002689bb2d800   83       4       java.util.concurrent.ForkJoinPool$WorkQueue::push (109 bytes)
Event: 0.328 Thread 0x000002689bb55000   84   !   4       java.util.concurrent.ForkJoinTask::doExec (37 bytes)
Event: 0.328 Thread 0x000002689bb32800   85       4       java.util.concurrent.RecursiveTask::exec (10 bytes)
Event: 0.328 Thread 0x000002689bb2b000   86       4       java.util.concurrent.ForkJoinPool$WorkQueue::tryUnpush (67 bytes)
Event: 0.328 Thread 0x000002689bb91800   87   !   4       java.util.concurrent.ForkJoinTask::setCompletion (57 bytes)

GC Heap History (6 events):
Event: 0.077 GC heap before
{Heap before GC invocations=1 (full 0):
 PSYoungGen      total 114176K, used 5898K [0x0000000741300000, 0x0000000749200000, 0x00000007c0000000)
  eden space 98304K, 6% used [0x0000000741300000,0x00000007418c2930,0x0000000747300000)
  from space 15872K, 0% used [0x0000000748280000,0x0000000748280000,0x0000000749200000)
  to   space 15872K, 0% used [0x0000000747300000,0x0000000747300000,0x0000000748280000)
 ParOldGen       total 261120K, used 0K [0x0000000643800000, 0x0000000653700000, 0x0000000741300000)
  object space 261120K, 0% used [0x0000000643800000,0x0000000643800000,0x0000000653700000)
 Metaspace       used 3237K, capacity 4500K, committed 4864K, reserved 1056768K
  class space    used 354K, capacity 388K, committed 512K, reserved 1048576K
Event: 0.078 GC heap after
Heap after GC invocations=1 (full 0):
 PSYoungGen      total 114176K, used 936K [0x0000000741300000, 0x0000000749200000, 0x00000007c0000000)
  eden space 98304K, 0% used [0x0000000741300000,0x0000000741300000,0x0000000747300000)
  from space 15872K, 5% used [0x0000000747300000,0x00000007473ea020,0x0000000748280000)
  to   space 15872K, 0% used [0x0000000748280000,0x0000000748280000,0x0000000749200000)
 ParOldGen       total 261120K, used 8K [0x0000000643800000, 0x0000000653700000, 0x0000000741300000)
  object space 261120K, 0% used [0x0000000643800000,0x0000000643802000,0x0000000653700000)
 Metaspace       used 3237K, capacity 4500K, committed 4864K, reserved 1056768K
  class space    used 354K, capacity 388K, committed 512K, reserved 1048576K
}
Event: 0.078 GC heap before
{Heap before GC invocations=2 (full 0):
 PSYoungGen      total 114176K, used 936K [0x0000000741300000, 0x0000000749200000, 0x00000007c0000000)
  eden space 98304K, 0% used [0x0000000741300000,0x0000000741300000,0x0000000747300000)
  from space 15872K, 5% used [0x0000000747300000,0x00000007473ea020,0x0000000748280000)
  to   space 15872K, 0% used [0x0000000748280000,0x0000000748280000,0x0000000749200000)
 ParOldGen       total 261120K, used 8K [0x0000000643800000, 0x0000000653700000, 0x0000000741300000)
  object space 261120K, 0% used [0x0000000643800000,0x0000000643802000,0x0000000653700000)
 Metaspace       used 3237K, capacity 4500K, committed 4864K, reserved 1056768K
  class space    used 354K, capacity 388K, committed 512K, reserved 1048576K
Event: 0.079 GC heap after
Heap after GC invocations=2 (full 0):
 PSYoungGen      total 114176K, used 840K [0x0000000741300000, 0x000000074f200000, 0x00000007c0000000)
  eden space 98304K, 0% used [0x0000000741300000,0x0000000741300000,0x0000000747300000)
  from space 15872K, 5% used [0x0000000748280000,0x0000000748352020,0x0000000749200000)
  to   space 15872K, 0% used [0x0000000747300000,0x0000000747300000,0x0000000748280000)
 ParOldGen       total 261120K, used 8K [0x0000000643800000, 0x0000000653700000, 0x0000000741300000)
  object space 261120K, 0% used [0x0000000643800000,0x0000000643802000,0x0000000653700000)
 Metaspace       used 3237K, capacity 4500K, committed 4864K, reserved 1056768K
  class space    used 354K, capacity 388K, committed 512K, reserved 1048576K
}
Event: 0.079 GC heap before
{Heap before GC invocations=3 (full 1):
 PSYoungGen      total 114176K, used 840K [0x0000000741300000, 0x000000074f200000, 0x00000007c0000000)
  eden space 98304K, 0% used [0x0000000741300000,0x0000000741300000,0x0000000747300000)
  from space 15872K, 5% used [0x0000000748280000,0x0000000748352020,0x0000000749200000)
  to   space 15872K, 0% used [0x0000000747300000,0x0000000747300000,0x0000000748280000)
 ParOldGen       total 261120K, used 8K [0x0000000643800000, 0x0000000653700000, 0x0000000741300000)
  object space 261120K, 0% used [0x0000000643800000,0x0000000643802000,0x0000000653700000)
 Metaspace       used 3237K, capacity 4500K, committed 4864K, reserved 1056768K
  class space    used 354K, capacity 388K, committed 512K, reserved 1048576K
Event: 0.083 GC heap after
Heap after GC invocations=3 (full 1):
 PSYoungGen      total 114176K, used 0K [0x0000000741300000, 0x000000074f200000, 0x00000007c0000000)
  eden space 98304K, 0% used [0x0000000741300000,0x0000000741300000,0x0000000747300000)
  from space 15872K, 0% used [0x0000000748280000,0x0000000748280000,0x0000000749200000)
  to   space 15872K, 0% used [0x0000000747300000,0x0000000747300000,0x0000000748280000)
 ParOldGen       total 108544K, used 635K [0x0000000643800000, 0x000000064a200000, 0x0000000741300000)
  object space 108544K, 0% used [0x0000000643800000,0x000000064389eda8,0x000000064a200000)
 Metaspace       used 3237K, capacity 4500K, committed 4864K, reserved 1056768K
  class space    used 354K, capacity 388K, committed 512K, reserved 1048576K
}

Deoptimization events (1 events):
Event: 0.295 Thread 0x00000268f964d000 Uncommon trap: reason=unstable_if action=reinterpret pc=0x00000268802cb070 method=org.example.forkjoin.util.Utils.buildDefaultIntArray(I)[I @ 17

Classes redefined (0 events):
No events

Internal exceptions (2 events):
Event: 0.023 Thread 0x00000268f964d000 Exception <a 'java/lang/NoSuchMethodError': Method sun.misc.Unsafe.defineClass(Ljava/lang/String;[BII)Ljava/lang/Class; name or signature does not match> (0x0000000741307cc0) thrown at [C:\jenkins\workspace\8-2-build-windows-amd64-cygwin\jdk8u291\1294\hot
Event: 0.023 Thread 0x00000268f964d000 Exception <a 'java/lang/NoSuchMethodError': Method sun.misc.Unsafe.prefetchRead(Ljava/lang/Object;J)V name or signature does not match> (0x0000000741307fa8) thrown at [C:\jenkins\workspace\8-2-build-windows-amd64-cygwin\jdk8u291\1294\hotspot\src\share\vm\

Events (10 events):
Event: 0.322 Thread 0x000002689bce1000 DEOPT PACKING pc=0x00000268802d8376 sp=0x0000006a3aafe570
Event: 0.322 Thread 0x000002689bce1000 DEOPT UNPACKING pc=0x0000026880047898 sp=0x0000006a3aafe270 mode 0
Event: 0.322 Thread 0x000002689bce9800 DEOPT PACKING pc=0x00000268802d8376 sp=0x0000006a3b0fe560
Event: 0.322 Thread 0x000002689bce9800 DEOPT UNPACKING pc=0x0000026880047898 sp=0x0000006a3b0fe260 mode 0
Event: 0.322 Thread 0x000002689bce2000 DEOPT PACKING pc=0x00000268802d8376 sp=0x0000006a3abfe340
Event: 0.322 Thread 0x000002689bce2000 DEOPT UNPACKING pc=0x0000026880047898 sp=0x0000006a3abfe040 mode 0
Event: 0.322 Thread 0x000002689bcd6800 DEOPT PACKING pc=0x00000268802d8376 sp=0x0000006a3a9fe160
Event: 0.322 Thread 0x000002689bb8e800 DEOPT PACKING pc=0x00000268802d6ab3 sp=0x0000006a3b5fe6c0
Event: 0.322 Thread 0x000002689bcd6800 DEOPT UNPACKING pc=0x0000026880047898 sp=0x0000006a3a9fde78 mode 0
Event: 0.323 Thread 0x000002689bb8e800 DEOPT UNPACKING pc=0x0000026880047898 sp=0x0000006a3b5fe380 mode 0


Dynamic libraries:
0x00007ff7d35e0000 - 0x00007ff7d3627000 	C:\soft\Java\jdk1.8.0_291\bin\java.exe
0x00007ffff2ab0000 - 0x00007ffff2cc7000 	C:\windows\SYSTEM32\ntdll.dll
0x00007ffff12f0000 - 0x00007ffff13b4000 	C:\windows\System32\KERNEL32.DLL
0x00007ffff0430000 - 0x00007ffff07dd000 	C:\windows\System32\KERNELBASE.dll
0x00007ffff0870000 - 0x00007ffff0922000 	C:\windows\System32\ADVAPI32.dll
0x00007ffff1b40000 - 0x00007ffff1be7000 	C:\windows\System32\msvcrt.dll
0x00007ffff1520000 - 0x00007ffff15c9000 	C:\windows\System32\sechost.dll
0x00007ffff03d0000 - 0x00007ffff03f8000 	C:\windows\System32\bcrypt.dll
0x00007ffff11c0000 - 0x00007ffff12d4000 	C:\windows\System32\RPCRT4.dll
0x00007ffff1000000 - 0x00007ffff11ae000 	C:\windows\System32\USER32.dll
0x00007ffff0400000 - 0x00007ffff0426000 	C:\windows\System32\win32u.dll
0x00007ffff0fd0000 - 0x00007ffff0ff9000 	C:\windows\System32\GDI32.dll
0x00007fffeffb0000 - 0x00007ffff00c9000 	C:\windows\System32\gdi32full.dll
0x00007ffff00d0000 - 0x00007ffff016a000 	C:\windows\System32\msvcp_win.dll
0x00007fffefe90000 - 0x00007fffeffa1000 	C:\windows\System32\ucrtbase.dll
0x00007fffd8e90000 - 0x00007fffd9123000 	C:\windows\WinSxS\amd64_microsoft.windows.common-controls_6595b64144ccf1df_6.0.22621.3672_none_2713b9d173822955\COMCTL32.dll
0x00007ffff2920000 - 0x00007ffff2951000 	C:\windows\System32\IMM32.DLL
0x00007fffca5a0000 - 0x00007fffca5b5000 	C:\soft\Java\jdk1.8.0_291\jre\bin\vcruntime140.dll
0x00007fffb32d0000 - 0x00007fffb336b000 	C:\soft\Java\jdk1.8.0_291\jre\bin\msvcp140.dll
0x000000006b140000 - 0x000000006b9a0000 	C:\soft\Java\jdk1.8.0_291\jre\bin\server\jvm.dll
0x00007ffff2960000 - 0x00007ffff2968000 	C:\windows\System32\PSAPI.DLL
0x00007fffec480000 - 0x00007fffec489000 	C:\windows\SYSTEM32\WSOCK32.dll
0x00007ffff1960000 - 0x00007ffff19d1000 	C:\windows\System32\WS2_32.dll
0x00007fffd93f0000 - 0x00007fffd93fa000 	C:\windows\SYSTEM32\VERSION.dll
0x00007fffe5d10000 - 0x00007fffe5d44000 	C:\windows\SYSTEM32\WINMM.dll
0x00007fffeeeb0000 - 0x00007fffeeec8000 	C:\windows\SYSTEM32\kernel.appcore.dll
0x00007fffd2640000 - 0x00007fffd2650000 	C:\soft\Java\jdk1.8.0_291\jre\bin\verify.dll
0x00007fffc58d0000 - 0x00007fffc58fb000 	C:\soft\Java\jdk1.8.0_291\jre\bin\java.dll
0x00007fffd02f0000 - 0x00007fffd0320000 	C:\soft\Java\jdk1.8.0_291\jre\bin\instrument.dll
0x00007fffc7ee0000 - 0x00007fffc7ef8000 	C:\soft\Java\jdk1.8.0_291\jre\bin\zip.dll
0x00007ffff1f10000 - 0x00007ffff2777000 	C:\windows\System32\SHELL32.dll
0x00007fffedd50000 - 0x00007fffee64f000 	C:\windows\SYSTEM32\windows.storage.dll
0x00007ffff15d0000 - 0x00007ffff195e000 	C:\windows\System32\combase.dll
0x00007fffedc10000 - 0x00007fffedd4f000 	C:\windows\SYSTEM32\wintypes.dll
0x00007ffff2970000 - 0x00007ffff2a69000 	C:\windows\System32\SHCORE.dll
0x00007ffff2850000 - 0x00007ffff28ae000 	C:\windows\System32\shlwapi.dll
0x00007fffefd00000 - 0x00007fffefd27000 	C:\windows\SYSTEM32\profapi.dll
0x00007fffec440000 - 0x00007fffec45a000 	C:\soft\JetBrains\IntelliJ IDEA 2023.1.2\bin\breakgen64.dll
0x00007fffc5e30000 - 0x00007fffc5e4c000 	C:\soft\Java\jdk1.8.0_291\jre\bin\net.dll
0x00007fffef380000 - 0x00007fffef3e9000 	C:\windows\system32\mswsock.dll
0x00007fffdf700000 - 0x00007fffdf932000 	C:\windows\SYSTEM32\dbghelp.dll
0x00007ffff13c0000 - 0x00007ffff1497000 	C:\windows\System32\OLEAUT32.dll
0x00007ffff0170000 - 0x00007ffff01eb000 	C:\windows\System32\bcryptPrimitives.dll

VM Arguments:
jvm_args: -javaagent:C:\soft\JetBrains\IntelliJ IDEA 2023.1.2\lib\idea_rt.jar=49185:C:\soft\JetBrains\IntelliJ IDEA 2023.1.2\bin -Dfile.encoding=UTF-8 
java_command: org.example.forkjoin.forkjointask.recursivetask.LongSumForkJoin
java_class_path (initial): C:\soft\Java\jdk1.8.0_291\jre\lib\charsets.jar;C:\soft\Java\jdk1.8.0_291\jre\lib\deploy.jar;C:\soft\Java\jdk1.8.0_291\jre\lib\ext\access-bridge-64.jar;C:\soft\Java\jdk1.8.0_291\jre\lib\ext\cldrdata.jar;C:\soft\Java\jdk1.8.0_291\jre\lib\ext\dnsns.jar;C:\soft\Java\jdk1.8.0_291\jre\lib\ext\jaccess.jar;C:\soft\Java\jdk1.8.0_291\jre\lib\ext\jfxrt.jar;C:\soft\Java\jdk1.8.0_291\jre\lib\ext\localedata.jar;C:\soft\Java\jdk1.8.0_291\jre\lib\ext\nashorn.jar;C:\soft\Java\jdk1.8.0_291\jre\lib\ext\sunec.jar;C:\soft\Java\jdk1.8.0_291\jre\lib\ext\sunjce_provider.jar;C:\soft\Java\jdk1.8.0_291\jre\lib\ext\sunmscapi.jar;C:\soft\Java\jdk1.8.0_291\jre\lib\ext\sunpkcs11.jar;C:\soft\Java\jdk1.8.0_291\jre\lib\ext\zipfs.jar;C:\soft\Java\jdk1.8.0_291\jre\lib\javaws.jar;C:\soft\Java\jdk1.8.0_291\jre\lib\jce.jar;C:\soft\Java\jdk1.8.0_291\jre\lib\jfr.jar;C:\soft\Java\jdk1.8.0_291\jre\lib\jfxswt.jar;C:\soft\Java\jdk1.8.0_291\jre\lib\jsse.jar;C:\soft\Java\jdk1.8.0_291\jre\lib\management-agent.jar;C:\soft\Java\jdk1.8.0_291\jre\lib\plugin.jar;C:\soft\Java\jdk1.8.0_291\jre\lib\resources.jar;C:\soft\Java\jdk1.8.0_291\jre\lib\rt.jar;D:\workspace\concurrent_learn\learn_07_forkjoin\target\classes;D:\maven_repository\org\openjdk\jol\jol-core\0.10\jol-core-0.10.jar;D:\maven_repository\org\projectlombok\lombok\1.18.10\lombok-1.18.10.jar;D:\maven_repository\ch\qos\logback\logback-classic\1.2.13\logback-classic-1.2.13.jar;D:\maven_repository\org\slf4j\slf4j-api\1.7.32\slf4j-api-1.7.32.jar;D:\maven_repository\ch\qos\logback\logback-core\1.2.13\logback-core-1.2.13.jar;C:\soft\JetBrains\IntelliJ IDEA 2023.1.2\lib\idea_rt.jar
Launcher Type: SUN_STANDARD

Environment Variables:
JAVA_HOME=C:\soft\Java\jdk1.8.0_291
PATH=C:\Program Files (x86)\Common Files\Oracle\Java\javapath;C:\windows\system32;C:\windows;C:\windows\System32\Wbem;C:\windows\System32\WindowsPowerShell\v1.0\;C:\windows\System32\OpenSSH\;C:\Program Files (x86)\Paragon Software\ExtFS for Windows\;C:\soft\Java\jdk1.8.0_291\bin;C:\soft\Java\jdk1.8.0_291\jre\bin;C:\soft\Git\cmd;C:\Program Files\dotnet\;C:\soft\nvm;C:\soft\nodejs;C:\soft\apache-maven-3.8.8\bin;C:\soft\Pandoc\;C:\Users\Admin\AppData\Local\Microsoft\WindowsApps;C:\soft\nvm;C:\soft\nodejs;C:\soft\Fiddler
USERNAME=Admin
OS=Windows_NT
PROCESSOR_IDENTIFIER=Intel64 Family 6 Model 191 Stepping 2, GenuineIntel



---------------  S Y S T E M  ---------------

OS: Windows 10.0 , 64 bit Build 22621 (10.0.22621.3958)

CPU:total 16 (initial active 16) (8 cores per cpu, 2 threads per core) family 6 model 191 stepping 2, cmov, cx8, fxsr, mmx, sse, sse2, sse3, ssse3, sse4.1, sse4.2, popcnt, avx, avx2, aes, clmul, erms, 3dnowpref, lzcnt, ht, tsc, tscinvbit, bmi1, bmi2, adx

Memory: 4k page, physical 24930108k(8819428k free), swap 33318716k(16k free)

vm_info: Java HotSpot(TM) 64-Bit Server VM (25.291-b10) for windows-amd64 JRE (1.8.0_291-b10), built on Apr  9 2021 00:02:00 by "java_re" with MS VC++ 15.9 (VS2017)

time: Fri Sep 27 11:23:48 2024
timezone: 中国标准时间
elapsed time: 0.354364 seconds (0d 0h 0m 0s)

