#
# A fatal error has been detected by the Java Runtime Environment:
#
#  EXCEPTION_STACK_OVERFLOW (0xc00000fd) at pc=0x000000006b34b2db, pid=66044, tid=0x00000000000181ac
#
# JRE version: Java(TM) SE Runtime Environment (8.0_291-b10) (build 1.8.0_291-b10)
# Java VM: Java HotSpot(TM) 64-Bit Server VM (25.291-b10 mixed mode windows-amd64 compressed oops)
# Problematic frame:
# V  [jvm.dll+0x20b2db]
#
# Failed to write core dump. Minidumps are not enabled by default on client versions of Windows
#
# If you would like to submit a bug report, please visit:
#   http://bugreport.java.com/bugreport/crash.jsp
#

---------------  T H R E A D  ---------------

Current thread (0x00000236e5d21800):  JavaThread "pool-1-thread-9007" [_thread_in_vm, id=98732, stack(0x0000006939c00000,0x0000006939d00000)]

siginfo: ExceptionCode=0xc00000fd, ExceptionInformation=0x0000000000000001 0x0000006939cfb260 

Registers:
RAX=0x0000000000000005, RBX=0x0000000000000005, RCX=0x0000006939cfb260, RDX=0x0000000000004000
RSP=0x0000006939cff260, RBP=0x0000006939cff360, RSI=0x0000000000000005, RDI=0x00000236da4de320
R8 =0x0000000000000005, R9 =0x0000000000000006, R10=0x00000236e4eb59a0, R11=0x00000236da4de320
R12=0x00000236e5c64260, R13=0x0000006939cff630, R14=0x0000006939cff560, R15=0x0000006939cff260
RIP=0x000000006b34b2db, EFLAGS=0x0000000000010206

Top of Stack: (sp=0x0000006939cff260)
0x0000006939cff260:   00000236e5d21800 0000000000000001
0x0000006939cff270:   00000236da4de320 000000006b20721a
0x0000006939cff280:   00000236da4de320 00000236e5d21800
0x0000006939cff290:   0000000000000000 0000000000000000
0x0000006939cff2a0:   0000000ac0006c00 00000236da4de320
0x0000006939cff2b0:   00000236e5d21800 00000236bd2a6e20
0x0000006939cff2c0:   0000000000000001 0000000000000000
0x0000006939cff2d0:   00000236da4de320 0000000000000001
0x0000006939cff2e0:   0000000000000005 00000236e5d21800
0x0000006939cff2f0:   00000236da4de320 00000236e5d21800
0x0000006939cff300:   00000236da4de320 00000236e5d21800
0x0000006939cff310:   00000236e5d21800 00000236e5d21800
0x0000006939cff320:   0000000000000005 00000236da4de320
0x0000006939cff330:   00000007c0006c48 000000006b20c4a7
0x0000006939cff340:   00000236e5c64260 0000006939cff3a1
0x0000006939cff350:   00000236da4de320 00007ffff2aed68a 

Instructions: (pc=0x000000006b34b2db)
0x000000006b34b2bb:   f8 7c 33 48 8b de e8 7a 9c 08 00 48 63 d0 ff c6
0x000000006b34b2cb:   48 0f af d3 49 8b cf 48 63 c6 48 2b ca 48 ff c3
0x000000006b34b2db:   c7 01 00 00 00 00 48 3b 05 c8 02 56 00 7e d7 48
0x000000006b34b2eb:   8b 9d e8 00 00 00 48 8d 54 24 48 48 8d 4d 50 e8 


Register to memory mapping:

RAX=0x0000000000000005 is an unknown value
